Using device: CPU, with 2628.16 GB available memory
/ext3/py312/lib/python3.12/site-packages/torch/cuda/__init__.py:63: FutureWarning: The pynvml package is deprecated. Please install nvidia-ml-py instead. If you did not install pynvml directly, please report this to the maintainers of the package that installed pynvml for you.
  import pynvml  # type: ignore[import]
36000
/scratch/projects/kaptanoglulab/MH/DESC/desc/utils.py:572: UserWarning: Reducing radial (L) resolution can make plasma boundary inconsistent. Recommend calling `eq.surface = eq.get_surface_at(rho=1.0)`
  warnings.warn(msg, err)
/scratch/projects/kaptanoglulab/MH/DESC/desc/utils.py:572: UserWarning: Detected no equilibrium constraints passed, equilibrium optimization problems usually require equilibrium constraints in order to produce meaningful, physical results. Consider adding `ForceBalance` as a constraint.
  warnings.warn(msg, err)
Building objective: aspect ratio
Precomputing transforms
Building objective: force
Precomputing transforms
Building objective: QS two-term
Precomputing transforms
Building objective: rotational transform
Precomputing transforms
Building objective: lcfs R
Building objective: lcfs Z
Building objective: fix mode R
Building objective: fix mode Z
Building objective: fixed pressure
Building objective: fixed Psi
Building objective: fixed current
Building objective: self_consistency R
Building objective: self_consistency Z
Building objective: lambda gauge
Building objective: axis R self consistency
Building objective: axis Z self consistency
Number of parameters: 373
Number of objectives: 9185

Starting optimization
Using method: Turbo1
Using dtype = torch.float64 
Using device = cpu
Starting from fbest = 7.66e+19
1376) New best: 9.411e+18
2246) New best: 2.725e+18
2786) New best: 1.868e+18
2996) New best: 1.857e+18
3176) New best: 1.699e+18
3476) New best: 1.548e+18
3536) New best: 1.525e+18
3686) New best: 1.33e+18
3926) New best: 5.38e+17
4226) New best: 3.917e+17
4376) New best: 3.475e+17
4406) New best: 3.004e+17
4616) New best: 2.388e+17
4676) New best: 1.978e+17
5216) New best: 1.873e+17
5246) New best: 1.684e+17
5666) New best: 1.491e+17
5696) New best: 1.174e+17
5786) New best: 1.131e+17
5816) New best: 1.094e+17
5846) New best: 1.037e+17
6086) New best: 9.475e+16
6176) New best: 9.249e+16
6266) New best: 8.354e+16
6386) New best: 7.624e+16
6446) New best: 6.371e+16
6536) New best: 5.542e+16
6566) New best: 5.171e+16
7016) New best: 4.959e+16
7106) New best: 4.706e+16
Stop condition met: Ran for total time 3.603e+04
Stop condition met: Ran for total time 3.603e+04
==============================================================================================================
                                                                 Start  -->   End
Total (sum of squares):                                      1.142e-02  -->   4.706e+16, 
Aspect ratio:                                                8.000e+00  -->   2.529e+00 (dimensionless)
Maximum absolute Force error:                                1.045e+02  -->   1.178e+13 (N)
Minimum absolute Force error:                                6.677e-04  -->   6.240e-01 (N)
Average absolute Force error:                                3.453e+00  -->   6.761e+09 (N)
Maximum absolute Force error:                                1.404e-04  -->   1.583e+07 (normalized)
Minimum absolute Force error:                                8.968e-10  -->   8.381e-07 (normalized)
Average absolute Force error:                                4.638e-06  -->   9.081e+03 (normalized)
Maximum absolute Quasi-symmetry (1,4) two-term error:        1.556e-02  -->   1.907e+08 (T^3)
Minimum absolute Quasi-symmetry (1,4) two-term error:        5.706e-08  -->   7.884e-06 (T^3)
Average absolute Quasi-symmetry (1,4) two-term error:        1.605e-03  -->   2.643e+05 (T^3)
Maximum absolute Quasi-symmetry (1,4) two-term error:        2.630e-02  -->   3.224e+08 (normalized)
Minimum absolute Quasi-symmetry (1,4) two-term error:        9.646e-08  -->   1.333e-05 (normalized)
Average absolute Quasi-symmetry (1,4) two-term error:        2.714e-03  -->   4.468e+05 (normalized)
Maximum Rotational transform:                                1.246e+00  -->   9.354e+00 (dimensionless)
Minimum Rotational transform:                                1.232e+00  -->  -1.031e+01 (dimensionless)
Average Rotational transform:                                1.239e+00  -->   1.974e+00 (dimensionless)
R boundary error:                                            0.000e+00  -->   6.979e-20 (m)
Z boundary error:                                            0.000e+00  -->   8.546e-20 (m)
Fixed-R modes error:                                         0.000e+00  -->   2.060e-19 (m)
Fixed-Z modes error:                                         0.000e+00  -->   1.487e-19 (m)
Fixed pressure profile error:                                0.000e+00  -->   0.000e+00 (Pa)
Fixed Psi error:                                             0.000e+00  -->   0.000e+00 (Wb)
Fixed current profile error:                                 0.000e+00  -->   0.000e+00 (A)
==============================================================================================================

